[18Feb2025 11:41:53.620] [main/INFO] [cpw.mods.modlauncher.Launcher/MODLAUNCHER]: ModLauncher running: args [--launchTarget, forgeclientuserdev, --version, 21.1.116, --assetIndex, 17, --assetsDir, C:\Users\Anoop Singh\.gradle\caches\neoformruntime\assets, --gameDir, ., --fml.neoForgeVersion, 21.1.116, --fml.fmlVersion, 4.0.35, --fml.mcVersion, 1.21.1, --fml.neoFormVersion, 20240808.144430]
[18Feb2025 11:41:53.623] [main/INFO] [cpw.mods.modlauncher.Launcher/MODLAUNCHER]: JVM identified as Eclipse Adoptium OpenJDK 64-Bit Server VM 21.0.5+11-LTS
[18Feb2025 11:41:53.624] [main/INFO] [cpw.mods.modlauncher.Launcher/MODLAUNCHER]: ModLauncher 11.0.4+main.d2e20e43 starting: java version 21.0.5 by Eclipse Adoptium; OS Windows 10 arch amd64 version 10.0
[18Feb2025 11:41:53.735] [main/INFO] [net.neoforged.fml.loading.ImmediateWindowHandler/]: Loading ImmediateWindowProvider fmlearlywindow
[18Feb2025 11:41:53.853] [main/INFO] [EARLYDISPLAY/]: Trying GL version 4.6
[18Feb2025 11:41:53.968] [main/INFO] [EARLYDISPLAY/]: Requested GL version 4.6 got version 4.6
[18Feb2025 11:41:54.052] [main/INFO] [mixin/]: SpongePowered MIXIN Subsystem Version=0.8.7 Source=union:/C:/Users/Anoop%20Singh/.gradle/caches/modules-2/files-2.1/net.fabricmc/sponge-mixin/0.15.2+mixin.0.8.7/2af2f021d8e02a0220dc27a7a72b4666d66d44ca/sponge-mixin-0.15.2+mixin.0.8.7.jar%23131!/ Service=ModLauncher Env=CLIENT
[18Feb2025 11:41:54.287] [pool-2-thread-1/INFO] [EARLYDISPLAY/]: GL info: NVIDIA GeForce GTX 1050 Ti/PCIe/SSE2 GL version 4.6.0 NVIDIA 566.36, NVIDIA Corporation
[18Feb2025 11:41:54.406] [main/INFO] [net.neoforged.fml.loading.moddiscovery.locators.JarInJarDependencyLocator/]: Found 2 dependencies adding them to mods collection
[18Feb2025 11:41:54.408] [main/INFO] [net.neoforged.fml.loading.moddiscovery.ModDiscoverer/]: 
     Mod List:
		Name Version (Mod Id)

		Curios API 9.0.15+1.21.1 (curios)
		Just Enough Items 19.21.0.247 (jei)
		Minecraft 1.21.1 (minecraft)
		NeoForge 21.1.116 (neoforge)
		Sophisticated Backpacks 3.23.3 (sophisticatedbackpacks)
		Sophisticated Core 1.2.7 (sophisticatedcore)
		Sophisticated Emerald Upgrade 1.0.2-NeoForge-1.21.1 (sophisticated_emerald_upgrade)
		Sophisticated Storage 1.3.5 (sophisticatedstorage)
[18Feb2025 11:41:55.128] [main/INFO] [mixin/]: Compatibility level set to JAVA_17
[18Feb2025 11:41:55.144] [main/INFO] [cpw.mods.modlauncher.LaunchServiceHandler/MODLAUNCHER]: Launching target 'forgeclientuserdev' with arguments [--version, 21.1.116, --gameDir, ., --assetsDir, C:\Users\Anoop Singh\.gradle\caches\neoformruntime\assets, --assetIndex, 17]
[18Feb2025 11:41:55.182] [main/WARN] [mixin/]: Reference map 'curios.refmap.json' for curios.neoforge.mixins.json could not be read. If this is a development environment you can ignore this message
[18Feb2025 11:41:55.182] [main/WARN] [mixin/]: Reference map 'curios.refmap.json' for curios.mixins.json could not be read. If this is a development environment you can ignore this message
[18Feb2025 11:41:55.183] [main/WARN] [mixin/]: Reference map 'sophisticated_emerald_upgrade.refmap.json' for sophisticated_emerald_upgrade.mixins.json could not be read. If this is a development environment you can ignore this message
[18Feb2025 11:41:56.002] [main/INFO] [MixinExtras|Service/]: Initializing MixinExtras via com.llamalad7.mixinextras.service.MixinExtrasServiceImpl(version=0.4.1).
[18Feb2025 11:41:56.802] [Datafixer Bootstrap/INFO] [com.mojang.datafixers.DataFixerBuilder/]: 229 Datafixer optimizations took 338 milliseconds
[18Feb2025 11:42:00.326] [main/WARN] [net.minecraft.commands.Commands/]: Ambiguity between arguments [teleport, location] and [teleport, destination] with inputs: [0.1 -0.5 .9, 0 0 0]
[18Feb2025 11:42:00.328] [main/WARN] [net.minecraft.commands.Commands/]: Ambiguity between arguments [teleport, location] and [teleport, targets] with inputs: [0.1 -0.5 .9, 0 0 0]
[18Feb2025 11:42:00.330] [main/WARN] [net.minecraft.commands.Commands/]: Ambiguity between arguments [teleport, destination] and [teleport, targets] with inputs: [Player, 0123, @e, dd12be42-52a9-4a91-a8a1-11c01849e498]
[18Feb2025 11:42:00.331] [main/WARN] [net.minecraft.commands.Commands/]: Ambiguity between arguments [teleport, targets] and [teleport, destination] with inputs: [Player, 0123, dd12be42-52a9-4a91-a8a1-11c01849e498]
[18Feb2025 11:42:00.332] [main/WARN] [net.minecraft.commands.Commands/]: Ambiguity between arguments [teleport, targets, location] and [teleport, targets, destination] with inputs: [0.1 -0.5 .9, 0 0 0]
[18Feb2025 11:42:00.428] [Render thread/WARN] [net.minecraft.server.packs.VanillaPackResourcesBuilder/]: Assets URL 'union:/D:/Download/MOD/Sophisticated_Emerald_Upgrade/build/moddev/artifacts/neoforge-21.1.116.jar%23183!/assets/.mcassetsroot' uses unexpected schema
[18Feb2025 11:42:00.428] [Render thread/WARN] [net.minecraft.server.packs.VanillaPackResourcesBuilder/]: Assets URL 'union:/D:/Download/MOD/Sophisticated_Emerald_Upgrade/build/moddev/artifacts/neoforge-21.1.116.jar%23183!/data/.mcassetsroot' uses unexpected schema
[18Feb2025 11:42:00.446] [Render thread/INFO] [com.mojang.authlib.yggdrasil.YggdrasilAuthenticationService/]: Environment: Environment[sessionHost=https://sessionserver.mojang.com, servicesHost=https://api.minecraftservices.com, name=PROD]
[18Feb2025 11:42:00.453] [Render thread/INFO] [net.minecraft.client.Minecraft/]: Setting user: Dev
[18Feb2025 11:42:00.517] [Render thread/INFO] [net.minecraft.client.Minecraft/]: Backend library: LWJGL version 3.3.3+5
[18Feb2025 11:42:00.673] [modloading-worker-0/INFO] [net.neoforged.neoforge.common.NeoForgeMod/NEOFORGE-MOD]: NeoForge mod loading, version 21.1.116, for MC 1.21.1
[18Feb2025 11:42:00.741] [modloading-worker-0/INFO] [mezz.jei.library.load.PluginCaller/]: Sending ConfigManager...
[18Feb2025 11:42:00.744] [modloading-worker-0/INFO] [mezz.jei.library.load.PluginCaller/]: Sending ConfigManager took 1.679 ms
[18Feb2025 11:42:01.497] [Render thread/INFO] [net.neoforged.neoforge.gametest.GameTestHooks/]: Enabled Gametest Namespaces: [sophisticated_emerald_upgrade]
[18Feb2025 11:42:01.707] [Render thread/INFO] [net.minecraft.server.packs.resources.ReloadableResourceManager/]: Reloading ResourceManager: vanilla, mod_resources, mod/sophisticatedbackpacks, mod/sophisticatedcore, mod/curios, mod/sophisticatedstorage, mod/sophisticated_emerald_upgrade, mod/neoforge, mod/jei
[18Feb2025 11:42:01.785] [Worker-Main-8/INFO] [net.minecraft.client.gui.font.providers.UnihexProvider/]: Found unifont_all_no_pua-15.1.05.hex, loading
[18Feb2025 11:42:01.911] [Worker-Main-10/INFO] [net.minecraft.client.gui.font.providers.UnihexProvider/]: Found unifont_jp_patch-15.1.05.hex, loading
[18Feb2025 11:42:03.389] [Render thread/WARN] [net.minecraft.client.sounds.SoundEngine/]: Missing sound for event: minecraft:item.goat_horn.play
[18Feb2025 11:42:03.389] [Render thread/WARN] [net.minecraft.client.sounds.SoundEngine/]: Missing sound for event: minecraft:entity.goat.screaming.horn_break
[18Feb2025 11:42:03.425] [Render thread/INFO] [com.mojang.blaze3d.audio.Library/]: OpenAL initialized on device OpenAL Soft on Speakers (Realtek(R) Audio)
[18Feb2025 11:42:03.425] [Render thread/INFO] [net.minecraft.client.sounds.SoundEngine/SOUNDS]: Sound engine started
[18Feb2025 11:42:03.510] [Render thread/INFO] [net.minecraft.client.renderer.texture.TextureAtlas/]: Created: 1024x1024x4 minecraft:textures/atlas/blocks.png-atlas
[18Feb2025 11:42:03.516] [Render thread/INFO] [net.minecraft.client.renderer.texture.TextureAtlas/]: Created: 256x256x4 minecraft:textures/atlas/signs.png-atlas
[18Feb2025 11:42:03.517] [Render thread/INFO] [net.minecraft.client.renderer.texture.TextureAtlas/]: Created: 512x512x4 minecraft:textures/atlas/shield_patterns.png-atlas
[18Feb2025 11:42:03.518] [Render thread/INFO] [net.minecraft.client.renderer.texture.TextureAtlas/]: Created: 512x512x4 minecraft:textures/atlas/banner_patterns.png-atlas
[18Feb2025 11:42:03.518] [Render thread/INFO] [net.minecraft.client.renderer.texture.TextureAtlas/]: Created: 1024x1024x4 minecraft:textures/atlas/armor_trims.png-atlas
[18Feb2025 11:42:03.520] [Render thread/INFO] [net.minecraft.client.renderer.texture.TextureAtlas/]: Created: 128x64x4 minecraft:textures/atlas/decorated_pot.png-atlas
[18Feb2025 11:42:03.521] [Render thread/INFO] [net.minecraft.client.renderer.texture.TextureAtlas/]: Created: 1024x512x4 minecraft:textures/atlas/chest.png-atlas
[18Feb2025 11:42:03.521] [Render thread/INFO] [net.minecraft.client.renderer.texture.TextureAtlas/]: Created: 512x256x4 minecraft:textures/atlas/beds.png-atlas
[18Feb2025 11:42:03.521] [Render thread/INFO] [net.minecraft.client.renderer.texture.TextureAtlas/]: Created: 512x256x4 minecraft:textures/atlas/shulker_boxes.png-atlas
[18Feb2025 11:42:03.570] [Render thread/INFO] [net.minecraft.client.renderer.texture.TextureAtlas/]: Created: 512x256x0 minecraft:textures/atlas/particles.png-atlas
[18Feb2025 11:42:03.571] [Render thread/INFO] [net.minecraft.client.renderer.texture.TextureAtlas/]: Created: 512x256x0 minecraft:textures/atlas/paintings.png-atlas
[18Feb2025 11:42:03.571] [Render thread/INFO] [net.minecraft.client.renderer.texture.TextureAtlas/]: Created: 256x128x0 minecraft:textures/atlas/mob_effects.png-atlas
[18Feb2025 11:42:03.572] [Render thread/INFO] [net.minecraft.client.renderer.texture.TextureAtlas/]: Created: 64x64x0 minecraft:textures/atlas/map_decorations.png-atlas
[18Feb2025 11:42:03.572] [Render thread/INFO] [net.minecraft.client.renderer.texture.TextureAtlas/]: Created: 1024x512x0 minecraft:textures/atlas/gui.png-atlas
[18Feb2025 11:42:03.587] [Render thread/WARN] [net.minecraft.client.renderer.ShaderInstance/]: Shader rendertype_entity_translucent_emissive could not find sampler named Sampler2 in the specified shader program.
[18Feb2025 11:42:03.627] [Render thread/INFO] [net.neoforged.neoforge.client.entity.animation.json.AnimationLoader/]: Loaded 0 entity animations
[18Feb2025 11:42:03.627] [Render thread/INFO] [net.minecraft.client.renderer.texture.TextureAtlas/]: Created: 256x256x0 jei:textures/atlas/gui.png-atlas
[18Feb2025 11:42:08.280] [Render thread/INFO] [net.minecraft.world.item.crafting.RecipeManager/]: Loaded 1634 recipes
[18Feb2025 11:42:08.492] [Render thread/INFO] [net.minecraft.advancements.AdvancementTree/]: Loaded 1738 advancements
[18Feb2025 11:42:08.500] [Render thread/INFO] [Curios API/]: Loaded 10 curio slots
[18Feb2025 11:42:08.502] [Render thread/INFO] [Curios API/]: Loaded 1 curio entities
[18Feb2025 11:42:08.831] [Render thread/INFO] [mezz.jei.neoforge.startup.StartEventObserver/]: JEI StartEventObserver received class net.neoforged.neoforge.event.TagsUpdatedEvent too early, ignoring
[18Feb2025 11:42:08.930] [Server thread/INFO] [net.minecraft.client.server.IntegratedServer/]: Starting integrated minecraft server version 1.21.1
[18Feb2025 11:42:08.930] [Server thread/INFO] [net.minecraft.server.MinecraftServer/]: Generating keypair
[18Feb2025 11:42:09.855] [Server thread/INFO] [net.minecraft.server.MinecraftServer/]: Preparing start region for dimension minecraft:overworld
[18Feb2025 11:42:10.048] [progressListener/INFO] [net.minecraft.server.level.progress.LoggerChunkProgressListener/]: Preparing spawn area: 0%
[18Feb2025 11:42:10.141] [Server thread/INFO] [net.neoforged.neoforge.server.permission.PermissionAPI/]: Successfully initialized permission handler neoforge:default_handler
[18Feb2025 11:42:10.144] [progressListener/INFO] [net.minecraft.server.level.progress.LoggerChunkProgressListener/]: Time elapsed: 274 ms
[18Feb2025 11:42:10.199] [Server thread/INFO] [net.minecraft.client.server.IntegratedServer/]: Changing view distance to 12, from 10
[18Feb2025 11:42:10.199] [Server thread/INFO] [net.minecraft.client.server.IntegratedServer/]: Changing simulation distance to 12, from 0
[18Feb2025 11:42:10.641] [Render thread/INFO] [mezz.jei.neoforge.startup.StartEventObserver/]: JEI StartEventObserver received class net.neoforged.neoforge.event.TagsUpdatedEvent
[18Feb2025 11:42:10.763] [Server thread/INFO] [net.minecraft.server.players.PlayerList/]: Dev[local:E:fa37310a] logged in with entity id 91 at (-198.03716646564467, 69.0, -113.69999998807907)
[18Feb2025 11:42:10.814] [Server thread/INFO] [net.minecraft.server.MinecraftServer/]: Dev joined the game
[18Feb2025 11:42:10.888] [Render thread/INFO] [mezz.jei.neoforge.startup.StartEventObserver/]: JEI StartEventObserver received class net.neoforged.neoforge.client.event.RecipesUpdatedEvent
[18Feb2025 11:42:10.888] [Render thread/INFO] [mezz.jei.neoforge.startup.StartEventObserver/]: JEI StartEventObserver transitioning state from LISTENING to JEI_STARTED
[18Feb2025 11:42:10.889] [Render thread/INFO] [mezz.jei.core.util.LoggedTimer/]: Starting JEI...
[18Feb2025 11:42:10.896] [Render thread/INFO] [mezz.jei.library.load.PluginCaller/]: Registering item subtypes...
[18Feb2025 11:42:10.904] [Render thread/INFO] [mezz.jei.library.load.PluginCaller/]: Registering item subtypes took 7.211 ms
[18Feb2025 11:42:10.904] [Render thread/INFO] [mezz.jei.library.load.PluginCaller/]: Registering fluid subtypes...
[18Feb2025 11:42:10.905] [Render thread/INFO] [mezz.jei.library.load.PluginCaller/]: Registering fluid subtypes took 1.243 ms
[18Feb2025 11:42:10.907] [Render thread/INFO] [mezz.jei.library.load.PluginCaller/]: Registering ingredients...
[18Feb2025 11:42:10.975] [Render thread/WARN] [mezz.jei.library.plugins.vanilla.ingredients.ItemStackListFactory/]: Item Group has no display items and no search tab display items. Items from this group will be missing from the JEI ingredient list. Operator Utilities
[18Feb2025 11:42:11.023] [Render thread/INFO] [mezz.jei.library.load.PluginCallerTimerRunnable/]: Registering ingredients: jei:minecraft took 115.8 milliseconds
[18Feb2025 11:42:11.024] [Render thread/INFO] [mezz.jei.library.load.PluginCaller/]: Registering ingredients took 116.5 ms
[18Feb2025 11:42:11.024] [Render thread/INFO] [mezz.jei.library.load.PluginCaller/]: Registering extra ingredients...
[18Feb2025 11:42:11.024] [Render thread/INFO] [mezz.jei.library.load.PluginCaller/]: Registering extra ingredients took 478.4 μs
[18Feb2025 11:42:11.025] [Render thread/INFO] [mezz.jei.library.load.PluginCaller/]: Registering search ingredient aliases...
[18Feb2025 11:42:11.026] [Render thread/INFO] [mezz.jei.library.load.PluginCaller/]: Registering search ingredient aliases took 853.9 μs
[18Feb2025 11:42:11.036] [Render thread/INFO] [mezz.jei.library.load.PluginCaller/]: Registering Mod Info...
[18Feb2025 11:42:11.036] [Render thread/INFO] [mezz.jei.library.load.PluginCaller/]: Registering Mod Info took 574.7 μs
[18Feb2025 11:42:11.047] [Render thread/INFO] [mezz.jei.library.load.PluginCaller/]: Registering categories...
[18Feb2025 11:42:11.062] [Render thread/INFO] [mezz.jei.library.load.PluginCaller/]: Registering categories took 14.10 ms
[18Feb2025 11:42:11.062] [Render thread/INFO] [mezz.jei.library.load.PluginCaller/]: Registering vanilla category extensions...
[18Feb2025 11:42:11.064] [Render thread/INFO] [mezz.jei.library.load.PluginCaller/]: Registering vanilla category extensions took 1.860 ms
[18Feb2025 11:42:11.065] [Render thread/INFO] [mezz.jei.library.load.PluginCaller/]: Registering recipe catalysts...
[18Feb2025 11:42:11.066] [Render thread/INFO] [mezz.jei.library.load.PluginCaller/]: Registering recipe catalysts took 858.5 μs
[18Feb2025 11:42:11.066] [Render thread/INFO] [mezz.jei.core.util.LoggedTimer/]: Building recipe registry...
[18Feb2025 11:42:11.073] [Render thread/INFO] [mezz.jei.core.util.LoggedTimer/]: Building recipe registry took 6.097 ms
[18Feb2025 11:42:11.073] [Render thread/INFO] [mezz.jei.library.load.PluginCaller/]: Registering advanced plugins...
[18Feb2025 11:42:11.074] [Render thread/INFO] [mezz.jei.library.load.PluginCaller/]: Registering advanced plugins took 553.2 μs
[18Feb2025 11:42:11.075] [Render thread/INFO] [mezz.jei.library.load.PluginCaller/]: Registering recipes...
[18Feb2025 11:42:11.172] [Render thread/INFO] [mezz.jei.library.load.PluginCallerTimerRunnable/]: Registering recipes: jei:minecraft took 98.08 milliseconds
[18Feb2025 11:42:11.331] [Render thread/INFO] [mezz.jei.library.load.PluginCallerTimerRunnable/]: Registering recipes: sophisticatedstorage:default took 154.3 milliseconds
[18Feb2025 11:42:11.355] [Render thread/INFO] [mezz.jei.library.load.PluginCallerTimerRunnable/]: Registering recipes: jei:internal took 23.54 milliseconds
[18Feb2025 11:42:11.356] [Render thread/INFO] [mezz.jei.library.load.PluginCaller/]: Registering recipes took 280.8 ms
[18Feb2025 11:42:11.361] [Render thread/INFO] [mezz.jei.library.load.PluginCaller/]: Registering recipes transfer handlers...
[18Feb2025 11:42:11.365] [Render thread/INFO] [mezz.jei.library.load.PluginCaller/]: Registering recipes transfer handlers took 3.509 ms
[18Feb2025 11:42:11.370] [Render thread/INFO] [mezz.jei.core.util.LoggedTimer/]: Building runtime...
[18Feb2025 11:42:11.371] [Render thread/INFO] [mezz.jei.library.load.PluginCaller/]: Registering gui handlers...
[18Feb2025 11:42:11.379] [Render thread/INFO] [mezz.jei.library.load.PluginCaller/]: Registering gui handlers took 7.412 ms
[18Feb2025 11:42:11.381] [Render thread/INFO] [mezz.jei.library.load.PluginCaller/]: Registering Runtime...
[18Feb2025 11:42:11.383] [Render thread/INFO] [mezz.jei.gui.startup.JeiGuiStarter/]: Starting JEI GUI
[18Feb2025 11:42:11.384] [Render thread/INFO] [mezz.jei.core.util.LoggedTimer/]: Building ingredient list...
[18Feb2025 11:42:11.409] [Render thread/INFO] [mezz.jei.core.util.LoggedTimer/]: Building ingredient list took 25.63 ms
[18Feb2025 11:42:11.409] [Render thread/INFO] [mezz.jei.core.util.LoggedTimer/]: Building ingredient filter...
[18Feb2025 11:42:11.431] [Render thread/INFO] [mezz.jei.gui.ingredients.IngredientFilter/]: Adding 2951 ingredients
[18Feb2025 11:42:11.735] [Render thread/INFO] [mezz.jei.gui.ingredients.IngredientFilter/]: Added 2951 ingredients
[18Feb2025 11:42:11.736] [Render thread/INFO] [mezz.jei.core.util.LoggedTimer/]: Building ingredient filter took 325.9 ms
[18Feb2025 11:42:11.798] [Render thread/INFO] [mezz.jei.library.load.PluginCallerTimerRunnable/]: Registering Runtime: jei:neoforge_gui took 417.0 milliseconds
[18Feb2025 11:42:11.799] [Render thread/INFO] [mezz.jei.library.load.PluginCaller/]: Registering Runtime took 418.2 ms
[18Feb2025 11:42:11.800] [Render thread/INFO] [mezz.jei.core.util.LoggedTimer/]: Building runtime took 430.2 ms
[18Feb2025 11:42:11.800] [Render thread/INFO] [mezz.jei.library.load.PluginCaller/]: Sending Runtime...
[18Feb2025 11:42:11.801] [Render thread/INFO] [mezz.jei.library.load.PluginCaller/]: Sending Runtime took 581.6 μs
[18Feb2025 11:42:11.801] [Render thread/INFO] [mezz.jei.core.util.LoggedTimer/]: Starting JEI took 911.9 ms
[18Feb2025 11:42:11.820] [Render thread/INFO] [net.minecraft.advancements.AdvancementTree/]: Loaded 10 advancements
[18Feb2025 11:42:23.437] [Render thread/INFO] [net.minecraft.client.Minecraft/]: Stopping!
[18Feb2025 11:42:23.440] [Render thread/INFO] [mezz.jei.neoforge.startup.StartEventObserver/]: JEI StartEventObserver received class net.neoforged.neoforge.client.event.ClientPlayerNetworkEvent$LoggingOut
[18Feb2025 11:42:23.440] [Render thread/INFO] [mezz.jei.neoforge.startup.StartEventObserver/]: JEI StartEventObserver transitioning state from JEI_STARTED to LISTENING
[18Feb2025 11:42:23.440] [Render thread/INFO] [mezz.jei.library.startup.JeiStarter/]: Stopping JEI
[18Feb2025 11:42:23.440] [Render thread/INFO] [mezz.jei.library.load.PluginCaller/]: Sending Runtime Unavailable...
[18Feb2025 11:42:23.440] [Render thread/INFO] [mezz.jei.neoforge.plugins.neoforge.NeoForgeGuiPlugin/]: Stopping JEI GUI
[18Feb2025 11:42:23.443] [Render thread/INFO] [mezz.jei.library.load.PluginCaller/]: Sending Runtime Unavailable took 2.353 ms
[18Feb2025 11:42:23.451] [Server thread/INFO] [net.minecraft.server.network.ServerGamePacketListenerImpl/]: Dev lost connection: Disconnected
[18Feb2025 11:42:23.451] [Server thread/INFO] [net.minecraft.server.MinecraftServer/]: Dev left the game
[18Feb2025 11:42:23.491] [Server thread/INFO] [net.minecraft.server.network.ServerCommonPacketListenerImpl/]: Stopping singleplayer server as player logged out
[18Feb2025 11:42:23.512] [Server thread/INFO] [net.minecraft.server.MinecraftServer/]: Stopping server
[18Feb2025 11:42:23.512] [Server thread/INFO] [net.minecraft.server.MinecraftServer/]: Saving players
[18Feb2025 11:42:23.513] [Server thread/INFO] [net.minecraft.server.MinecraftServer/]: Saving worlds
[18Feb2025 11:42:23.604] [Server thread/INFO] [net.minecraft.server.MinecraftServer/]: Saving chunks for level 'ServerLevel[New World]'/minecraft:overworld
[18Feb2025 11:42:24.409] [Server thread/INFO] [net.minecraft.server.MinecraftServer/]: Saving chunks for level 'ServerLevel[New World]'/minecraft:the_end
[18Feb2025 11:42:24.465] [Server thread/INFO] [net.minecraft.server.MinecraftServer/]: Saving chunks for level 'ServerLevel[New World]'/minecraft:the_nether
[18Feb2025 11:42:24.534] [Server thread/INFO] [net.minecraft.server.MinecraftServer/]: ThreadedAnvilChunkStorage (New World): All chunks are saved
[18Feb2025 11:42:24.534] [Server thread/INFO] [net.minecraft.server.MinecraftServer/]: ThreadedAnvilChunkStorage (DIM1): All chunks are saved
[18Feb2025 11:42:24.534] [Server thread/INFO] [net.minecraft.server.MinecraftServer/]: ThreadedAnvilChunkStorage (DIM-1): All chunks are saved
[18Feb2025 11:42:24.534] [Server thread/INFO] [net.minecraft.server.MinecraftServer/]: ThreadedAnvilChunkStorage: All dimensions are saved
